<?xml version="1.0" encoding="UTF-8"?>
<testsuite xmlns:xsi="http://www.w3.org/2001/XMLSchema-instance" xsi:noNamespaceSchemaLocation="https://maven.apache.org/surefire/maven-surefire-plugin/xsd/surefire-test-report.xsd" name="base.RunCucumberTest" time="0.344" tests="1" errors="1" skipped="0" failures="0">
  <properties>
[...]
</properties>
  <testcase name="User successfully creates an account then login and verify the user loggedIn details" classname="End to End Functionality - Happy Flow" time="0.059">
    <error message="The provided search context cannot be null" type="java.lang.NullPointerException">java.lang.NullPointerException: The provided search context cannot be null
</error>
    <system-out><![CDATA[
@happy
Scenario: User successfully creates an account then login and verify the user loggedIn details # src/test/resources/features/e2e.feature:7
  Given the user is on the main screen                                                         # base.steps.android.login.MainSteps.the_user_is_on_the_main_screen()
      java.lang.NullPointerException: The provided search context cannot be null
	at com.google.common.base.Preconditions.checkNotNull(Preconditions.java:920)
	at io.appium.java_client.pagefactory.AppiumFieldDecorator.requireWebDriverReference(AppiumFieldDecorator.java:129)
	at io.appium.java_client.pagefactory.AppiumFieldDecorator.<init>(AppiumFieldDecorator.java:86)
	at io.appium.java_client.pagefactory.AppiumFieldDecorator.<init>(AppiumFieldDecorator.java:100)
	at base.core.pages.common.BasePage.<init>(BasePage.java:19)
	at base.core.pages.LoginPage.<init>(LoginPage.java:7)
	at base.steps.android.login.MainSteps.<init>(MainSteps.java:16)
	at java.base/jdk.internal.reflect.DirectConstructorHandleAccessor.newInstance(DirectConstructorHandleAccessor.java:62)
	at java.base/java.lang.reflect.Constructor.newInstanceWithCaller(Constructor.java:501)
	at java.base/java.lang.reflect.Constructor.newInstance(Constructor.java:485)
	at org.picocontainer.injectors.AbstractInjector.newInstance(AbstractInjector.java:145)
	at org.picocontainer.injectors.ConstructorInjector$1.run(ConstructorInjector.java:342)
	at org.picocontainer.injectors.AbstractInjector$ThreadLocalCyclicDependencyGuard.observe(AbstractInjector.java:270)
	at org.picocontainer.injectors.ConstructorInjector.getComponentInstance(ConstructorInjector.java:364)
	at org.picocontainer.injectors.AbstractInjectionFactory$LifecycleAdapter.getComponentInstance(AbstractInjectionFactory.java:56)
	at org.picocontainer.behaviors.AbstractBehavior.getComponentInstance(AbstractBehavior.java:64)
	at org.picocontainer.behaviors.Stored.getComponentInstance(Stored.java:91)
	at org.picocontainer.DefaultPicoContainer.getInstance(DefaultPicoContainer.java:699)
	at org.picocontainer.DefaultPicoContainer.getComponent(DefaultPicoContainer.java:647)
	at org.picocontainer.DefaultPicoContainer.getComponent(DefaultPicoContainer.java:678)
	at io.cucumber.picocontainer.PicoFactory.getInstance(PicoFactory.java:64)
	at io.cucumber.java.AbstractGlueDefinition.invokeMethod(AbstractGlueDefinition.java:47)
	at io.cucumber.java.JavaStepDefinition.execute(JavaStepDefinition.java:29)
	at io.cucumber.core.runner.CoreStepDefinition.execute(CoreStepDefinition.java:66)
	at io.cucumber.core.runner.PickleStepDefinitionMatch.runStep(PickleStepDefinitionMatch.java:63)
	at io.cucumber.core.runner.ExecutionMode$1.execute(ExecutionMode.java:10)
	at io.cucumber.core.runner.TestStep.executeStep(TestStep.java:84)
	at io.cucumber.core.runner.TestStep.run(TestStep.java:56)
	at io.cucumber.core.runner.PickleStepTestStep.run(PickleStepTestStep.java:51)
	at io.cucumber.core.runner.TestCase.run(TestCase.java:84)
	at io.cucumber.core.runner.Runner.runPickle(Runner.java:75)
	at io.cucumber.junit.PickleRunners$NoStepDescriptions.lambda$run$0(PickleRunners.java:151)
	at io.cucumber.core.runtime.CucumberExecutionContext.lambda$runTestCase$5(CucumberExecutionContext.java:130)
	at io.cucumber.core.runtime.RethrowingThrowableCollector.executeAndThrow(RethrowingThrowableCollector.java:23)
	at io.cucumber.core.runtime.CucumberExecutionContext.runTestCase(CucumberExecutionContext.java:130)
	at io.cucumber.junit.PickleRunners$NoStepDescriptions.run(PickleRunners.java:148)
	at io.cucumber.junit.FeatureRunner.runChild(FeatureRunner.java:144)
	at io.cucumber.junit.FeatureRunner.runChild(FeatureRunner.java:28)
	at org.junit.runners.ParentRunner$4.run(ParentRunner.java:331)
	at org.junit.runners.ParentRunner$1.schedule(ParentRunner.java:79)
	at org.junit.runners.ParentRunner.runChildren(ParentRunner.java:329)
	at org.junit.runners.ParentRunner.access$100(ParentRunner.java:66)
	at org.junit.runners.ParentRunner$2.evaluate(ParentRunner.java:293)
	at org.junit.runners.ParentRunner$3.evaluate(ParentRunner.java:306)
	at org.junit.runners.ParentRunner.run(ParentRunner.java:413)
	at io.cucumber.junit.FeatureRunner.run(FeatureRunner.java:137)
	at io.cucumber.junit.Cucumber.runChild(Cucumber.java:196)
	at io.cucumber.junit.Cucumber.runChild(Cucumber.java:89)
	at org.junit.runners.ParentRunner$4.run(ParentRunner.java:331)
	at org.junit.runners.ParentRunner$1.schedule(ParentRunner.java:79)
	at org.junit.runners.ParentRunner.runChildren(ParentRunner.java:329)
	at org.junit.runners.ParentRunner.access$100(ParentRunner.java:66)
	at org.junit.runners.ParentRunner$2.evaluate(ParentRunner.java:293)
	at io.cucumber.junit.Cucumber$RunBeforeAllHooks.evaluate(Cucumber.java:266)
	at io.cucumber.junit.Cucumber$RunAfterAllHooks.evaluate(Cucumber.java:281)
	at io.cucumber.junit.Cucumber$StartTestRun.evaluate(Cucumber.java:233)
	at io.cucumber.junit.Cucumber$FinishTestRun.evaluate(Cucumber.java:248)
	at org.junit.runners.ParentRunner$3.evaluate(ParentRunner.java:306)
	at org.junit.runners.ParentRunner.run(ParentRunner.java:413)
	at org.apache.maven.surefire.junit4.JUnit4Provider.execute(JUnit4Provider.java:365)
	at org.apache.maven.surefire.junit4.JUnit4Provider.executeWithRerun(JUnit4Provider.java:273)
	at org.apache.maven.surefire.junit4.JUnit4Provider.executeTestSet(JUnit4Provider.java:238)
	at org.apache.maven.surefire.junit4.JUnit4Provider.invoke(JUnit4Provider.java:159)
	at org.apache.maven.surefire.booter.ForkedBooter.invokeProviderInSameClassLoader(ForkedBooter.java:384)
	at org.apache.maven.surefire.booter.ForkedBooter.runSuitesInProcess(ForkedBooter.java:345)
	at org.apache.maven.surefire.booter.ForkedBooter.execute(ForkedBooter.java:126)
	at org.apache.maven.surefire.booter.ForkedBooter.main(ForkedBooter.java:418)

  When the user is navigate to create account page                                             # base.steps.android.login.CreateAccountSteps.the_user_is_navigate_to_create_account_page()
  When the user enters valid "John" as first name                                              # base.steps.android.login.CreateAccountSteps.the_user_enters_valid_first_name(java.lang.String)
  When the user enters valid "Doe" as last name                                                # base.steps.android.login.CreateAccountSteps.the_user_enters_valid_last_name(java.lang.String)
  When the user enters valid email                                                             # base.steps.android.login.CreateAccountSteps.the_user_enters_valid_email()
  When the user enters valid "Secure@123" as password                                          # base.steps.android.login.CreateAccountSteps.the_user_enters_valid_password(java.lang.String)
  And the user clicks on the create account button                                             # base.steps.android.login.CreateAccountSteps.the_user_clicks_on_create_account_button()
  Then the user should be successfully registered                                              # base.steps.android.login.CreateAccountSteps.the_user_should_be_successfully_registered()
  And the user clicks on the login button                                                      # base.steps.android.login.LoginSteps.the_user_clicks_on_the_login_button()
  When the user enters the registered email                                                    # base.steps.android.login.LoginSteps.the_user_enters_the_registered_email()
  And the user enters the valid password "Secure@123"                                          # base.steps.android.login.LoginSteps.the_user_enters_the_valid_password(java.lang.String)
  And the user clicks on the login button                                                      # base.steps.android.login.LoginSteps.the_user_clicks_on_the_login_button()
  Then the user should be successfully logged in                                               # base.steps.android.login.LoginSteps.the_user_should_be_successfully_logged_in()
  Then the user profile should display correct first name, last name and email                 # base.steps.android.login.UserLoggedInSteps.verifyUserProfile()
  When the user clicks on the logout button                                                    # base.steps.android.login.UserLoggedInSteps.the_user_clicks_on_the_logout_button()
  Then the user should be redirected to the login screen                                       # base.steps.android.login.UserLoggedInSteps.the_user_should_be_redirected_to_the_login_screen()
]]></system-out>
  </testcase>
</testsuite>